<?xml version="1.0" encoding="UTF-8"?>
<!-- Generated by org.testng.reporters.JUnitReportReporter -->
<testsuite hostname="Nadsoft" failures="0" tests="1" name="HandleNewWindow" time="1.299" errors="0" timestamp="2023-09-19T10:43:40 EET" skipped="0">
  <testcase classname="HandleNewWindow" name="test_case_one" time="1.299"/>
  <system-out/>
</testsuite> <!-- HandleNewWindow -->
